<?xml version="1.0" encoding="UTF-8"?>
<testsuite xmlns:xsi="http://www.w3.org/2001/XMLSchema-instance" xsi:noNamespaceSchemaLocation="https://maven.apache.org/surefire/maven-surefire-plugin/xsd/surefire-test-report.xsd" version="3.0.2" name="com.projetoemprestimo.projeto.ProjetoApplicationTests" time="5.961" tests="1" errors="0" skipped="0" failures="0">
  <properties>
[...]
</properties>
  <testcase name="contextLoads" classname="com.projetoemprestimo.projeto.ProjetoApplicationTests" time="0.919">
    <system-out><![CDATA[22:00:28.852 [main] INFO org.springframework.test.context.support.AnnotationConfigContextLoaderUtils -- Could not detect default configuration classes for test class [com.projetoemprestimo.projeto.ProjetoApplicationTests]: ProjetoApplicationTests does not declare any static, non-private, non-final, nested classes annotated with @Configuration.
22:00:29.006 [main] INFO org.springframework.boot.test.context.SpringBootTestContextBootstrapper -- Found @SpringBootConfiguration com.projetoemprestimo.projeto.ProjetoApplication for test class com.projetoemprestimo.projeto.ProjetoApplicationTests

  .   ____          _            __ _ _
 /\\ / ___'_ __ _ _(_)_ __  __ _ \ \ \ \
( ( )\___ | '_ | '_| | '_ \/ _` | \ \ \ \
 \\/  ___)| |_)| | | | | || (_| |  ) ) ) )
  '  |____| .__|_| |_|_| |_\__, | / / / /
 =========|_|==============|___/=/_/_/_/

 :: Spring Boot ::                (v3.4.2)

2025-02-04T22:00:29.549-03:00  INFO 9804 --- [           main] c.p.projeto.ProjetoApplicationTests      : Starting ProjetoApplicationTests using Java 17.0.11 with PID 9804 (started by blend in C:\Users\blend\Documents\Repositorios\projeto)
2025-02-04T22:00:29.550-03:00  INFO 9804 --- [           main] c.p.projeto.ProjetoApplicationTests      : No active profile set, falling back to 1 default profile: "default"
2025-02-04T22:00:30.465-03:00  INFO 9804 --- [           main] .s.d.r.c.RepositoryConfigurationDelegate : Bootstrapping Spring Data MongoDB repositories in DEFAULT mode.
2025-02-04T22:00:30.563-03:00  INFO 9804 --- [           main] .s.d.r.c.RepositoryConfigurationDelegate : Finished Spring Data repository scanning in 86 ms. Found 1 MongoDB repository interface.
2025-02-04T22:00:31.739-03:00  INFO 9804 --- [vuz.mongodb.net] org.mongodb.driver.cluster               : Adding discovered server cluster0-shard-00-01.iyvuz.mongodb.net:27017 to client view of cluster
2025-02-04T22:00:31.754-03:00  INFO 9804 --- [           main] org.mongodb.driver.client                : MongoClient with metadata {"application": {"name": "Cluster0"}, "driver": {"name": "mongo-java-driver|sync|spring-boot", "version": "5.2.1"}, "os": {"type": "Windows", "name": "Windows 11", "architecture": "amd64", "version": "10.0"}, "platform": "Java/Azul Systems, Inc./17.0.11+9-LTS"} created with settings MongoClientSettings{readPreference=primary, writeConcern=WriteConcern{w=majority, wTimeout=null ms, journal=null}, retryWrites=true, retryReads=true, readConcern=ReadConcern{level=null}, credential=MongoCredential{mechanism=null, userName='root', source='admin', password=<hidden>, mechanismProperties=<hidden>}, transportSettings=null, commandListeners=[], codecRegistry=ProvidersCodecRegistry{codecProviders=[ValueCodecProvider{}, BsonValueCodecProvider{}, DBRefCodecProvider{}, DBObjectCodecProvider{}, DocumentCodecProvider{}, CollectionCodecProvider{}, IterableCodecProvider{}, MapCodecProvider{}, GeoJsonCodecProvider{}, GridFSFileCodecProvider{}, Jsr310CodecProvider{}, JsonObjectCodecProvider{}, BsonCodecProvider{}, EnumCodecProvider{}, com.mongodb.client.model.mql.ExpressionCodecProvider@36068727, com.mongodb.Jep395RecordCodecProvider@72543547, com.mongodb.KotlinCodecProvider@3d88e6b9]}, loggerSettings=LoggerSettings{maxDocumentLength=1000}, clusterSettings={hosts=[127.0.0.1:27017], srvHost=cluster0.iyvuz.mongodb.net, srvServiceName=mongodb, mode=MULTIPLE, requiredClusterType=REPLICA_SET, requiredReplicaSetName='atlas-10e7xf-shard-0', serverSelector='null', clusterListeners='[]', serverSelectionTimeout='30000 ms', localThreshold='15 ms'}, socketSettings=SocketSettings{connectTimeoutMS=10000, readTimeoutMS=0, receiveBufferSize=0, proxySettings=ProxySettings{host=null, port=null, username=null, password=null}}, heartbeatSocketSettings=SocketSettings{connectTimeoutMS=10000, readTimeoutMS=10000, receiveBufferSize=0, proxySettings=ProxySettings{host=null, port=null, username=null, password=null}}, connectionPoolSettings=ConnectionPoolSettings{maxSize=100, minSize=0, maxWaitTimeMS=120000, maxConnectionLifeTimeMS=0, maxConnectionIdleTimeMS=0, maintenanceInitialDelayMS=0, maintenanceFrequencyMS=60000, connectionPoolListeners=[], maxConnecting=2}, serverSettings=ServerSettings{heartbeatFrequencyMS=10000, minHeartbeatFrequencyMS=500, serverMonitoringMode=AUTO, serverListeners='[]', serverMonitorListeners='[]'}, sslSettings=SslSettings{enabled=true, invalidHostNameAllowed=false, context=null}, applicationName='Cluster0', compressorList=[], uuidRepresentation=JAVA_LEGACY, serverApi=null, autoEncryptionSettings=null, dnsClient=null, inetAddressResolver=null, contextProvider=null, timeoutMS=null}
2025-02-04T22:00:31.777-03:00  INFO 9804 --- [vuz.mongodb.net] org.mongodb.driver.cluster               : Adding discovered server cluster0-shard-00-00.iyvuz.mongodb.net:27017 to client view of cluster
2025-02-04T22:00:31.781-03:00  INFO 9804 --- [vuz.mongodb.net] org.mongodb.driver.cluster               : Adding discovered server cluster0-shard-00-02.iyvuz.mongodb.net:27017 to client view of cluster
2025-02-04T22:00:32.651-03:00  INFO 9804 --- [ngodb.net:27017] org.mongodb.driver.cluster               : Monitor thread successfully connected to server with description ServerDescription{address=cluster0-shard-00-01.iyvuz.mongodb.net:27017, type=REPLICA_SET_PRIMARY, cryptd=false, state=CONNECTED, ok=true, minWireVersion=0, maxWireVersion=25, maxDocumentSize=16777216, logicalSessionTimeoutMinutes=30, roundTripTimeNanos=476057500, minRoundTripTimeNanos=0, setName='atlas-10e7xf-shard-0', canonicalAddress=cluster0-shard-00-01.iyvuz.mongodb.net:27017, hosts=[cluster0-shard-00-02.iyvuz.mongodb.net:27017, cluster0-shard-00-00.iyvuz.mongodb.net:27017, cluster0-shard-00-01.iyvuz.mongodb.net:27017], passives=[], arbiters=[], primary='cluster0-shard-00-01.iyvuz.mongodb.net:27017', tagSet=TagSet{[Tag{name='availabilityZone', value='sae1-az3'}, Tag{name='diskState', value='READY'}, Tag{name='nodeType', value='ELECTABLE'}, Tag{name='provider', value='AWS'}, Tag{name='region', value='SA_EAST_1'}, Tag{name='workloadType', value='OPERATIONAL'}]}, electionId=7fffffff0000000000000069, setVersion=18, topologyVersion=TopologyVersion{processId=679d875d93a624708c1f9b8e, counter=6}, lastWriteDate=Tue Feb 04 22:00:32 BRT 2025, lastUpdateTimeNanos=452540709135600}
2025-02-04T22:00:32.652-03:00  INFO 9804 --- [ngodb.net:27017] org.mongodb.driver.cluster               : Monitor thread successfully connected to server with description ServerDescription{address=cluster0-shard-00-02.iyvuz.mongodb.net:27017, type=REPLICA_SET_SECONDARY, cryptd=false, state=CONNECTED, ok=true, minWireVersion=0, maxWireVersion=25, maxDocumentSize=16777216, logicalSessionTimeoutMinutes=30, roundTripTimeNanos=476328000, minRoundTripTimeNanos=0, setName='atlas-10e7xf-shard-0', canonicalAddress=cluster0-shard-00-02.iyvuz.mongodb.net:27017, hosts=[cluster0-shard-00-02.iyvuz.mongodb.net:27017, cluster0-shard-00-00.iyvuz.mongodb.net:27017, cluster0-shard-00-01.iyvuz.mongodb.net:27017], passives=[], arbiters=[], primary='cluster0-shard-00-01.iyvuz.mongodb.net:27017', tagSet=TagSet{[Tag{name='availabilityZone', value='sae1-az2'}, Tag{name='diskState', value='READY'}, Tag{name='nodeType', value='ELECTABLE'}, Tag{name='provider', value='AWS'}, Tag{name='region', value='SA_EAST_1'}, Tag{name='workloadType', value='OPERATIONAL'}]}, electionId=null, setVersion=18, topologyVersion=TopologyVersion{processId=679d895e41d1b2bf1f2e2e2f, counter=3}, lastWriteDate=Tue Feb 04 22:00:32 BRT 2025, lastUpdateTimeNanos=452540709400800}
2025-02-04T22:00:32.652-03:00  INFO 9804 --- [ngodb.net:27017] org.mongodb.driver.cluster               : Monitor thread successfully connected to server with description ServerDescription{address=cluster0-shard-00-00.iyvuz.mongodb.net:27017, type=REPLICA_SET_SECONDARY, cryptd=false, state=CONNECTED, ok=true, minWireVersion=0, maxWireVersion=25, maxDocumentSize=16777216, logicalSessionTimeoutMinutes=30, roundTripTimeNanos=476099700, minRoundTripTimeNanos=0, setName='atlas-10e7xf-shard-0', canonicalAddress=cluster0-shard-00-00.iyvuz.mongodb.net:27017, hosts=[cluster0-shard-00-02.iyvuz.mongodb.net:27017, cluster0-shard-00-00.iyvuz.mongodb.net:27017, cluster0-shard-00-01.iyvuz.mongodb.net:27017], passives=[], arbiters=[], primary='cluster0-shard-00-01.iyvuz.mongodb.net:27017', tagSet=TagSet{[Tag{name='availabilityZone', value='sae1-az1'}, Tag{name='diskState', value='READY'}, Tag{name='nodeType', value='ELECTABLE'}, Tag{name='provider', value='AWS'}, Tag{name='region', value='SA_EAST_1'}, Tag{name='workloadType', value='OPERATIONAL'}]}, electionId=null, setVersion=18, topologyVersion=TopologyVersion{processId=679d8855e14373fa1ca5c392, counter=4}, lastWriteDate=Tue Feb 04 22:00:32 BRT 2025, lastUpdateTimeNanos=452540709172600}
2025-02-04T22:00:32.678-03:00  INFO 9804 --- [ngodb.net:27017] org.mongodb.driver.cluster               : Discovered replica set primary cluster0-shard-00-01.iyvuz.mongodb.net:27017 with max election id 7fffffff0000000000000069 and max set version 18
2025-02-04T22:00:33.038-03:00  INFO 9804 --- [           main] o.s.v.b.OptionalValidatorFactoryBean     : Failed to set up a Bean Validation provider: jakarta.validation.NoProviderFoundException: Unable to create a Configuration, because no Jakarta Bean Validation provider could be found. Add a provider like Hibernate Validator (RI) to your classpath.
2025-02-04T22:00:33.632-03:00  INFO 9804 --- [           main] c.p.projeto.ProjetoApplicationTests      : Started ProjetoApplicationTests in 4.382 seconds (process running for 5.518)
]]></system-out>
  </testcase>
</testsuite>